--- Startup times for process: Primary (or UI client) ---

times in msec
 clock   self+sourced   self:  sourced script
 clock   elapsed:              other lines

000.006  000.006: --- NVIM STARTING ---
000.358  000.352: event init
000.662  000.304: early init
001.068  000.406: locale set
001.161  000.093: init first window
002.133  000.973: inits 1
002.152  000.018: window checked
002.157  000.005: parsing arguments
003.555  000.143  000.143: require('vim.shared')
003.756  000.085  000.085: require('vim.inspect')
003.856  000.081  000.081: require('vim._options')
003.860  000.296  000.130: require('vim._editor')
003.863  000.502  000.063: require('vim._init_packages')
003.869  001.209: init lua interpreter
008.676  004.808: nvim_ui_attach
010.695  002.018: nvim_set_client_info
010.713  000.018: --- NVIM STARTED ---

--- Startup times for process: Embedded ---

times in msec
 clock   self+sourced   self:  sourced script
 clock   elapsed:              other lines

000.007  000.007: --- NVIM STARTING ---
000.524  000.517: event init
000.800  000.275: early init
001.388  000.588: locale set
001.502  000.114: init first window
002.678  001.176: inits 1
002.721  000.043: window checked
002.729  000.008: parsing arguments
004.100  000.100  000.100: require('vim.shared')
004.313  000.091  000.091: require('vim.inspect')
004.426  000.094  000.094: require('vim._options')
004.431  000.320  000.136: require('vim._editor')
004.434  000.574  000.154: require('vim._init_packages')
004.441  001.137: init lua interpreter
004.598  000.157: expanding arguments
004.656  000.059: inits 2
005.227  000.571: init highlight
005.230  000.003: waiting for UI
005.687  000.457: done waiting for UI
005.711  000.024: clear screen
006.131  000.031  000.031: require('vim.keymap')
008.046  000.495  000.495: sourcing nvim_exec2()
008.440  002.697  002.170: require('vim._defaults')
008.446  000.039: init default mappings & autocommands
009.414  000.110  000.110: sourcing /home/linuxbrew/.linuxbrew/Cellar/neovim/0.11.2/share/nvim/runtime/ftplugin.vim
009.541  000.054  000.054: sourcing /home/linuxbrew/.linuxbrew/Cellar/neovim/0.11.2/share/nvim/runtime/indent.vim
015.103  000.021  000.021: require('vim.F')
015.207  003.797  003.775: require('vim.diagnostic')
015.213  004.994  001.197: require('set')
016.520  001.304  001.304: require('remap')
018.051  001.240  001.240: require('lazy')
018.134  000.038  000.038: require('ffi')
018.291  000.103  000.103: require('vim.fs')
018.538  000.236  000.236: require('vim.uri')
018.569  000.429  000.091: require('vim.loader')
018.908  000.298  000.298: require('lazy.stats')
019.461  000.497  000.497: require('lazy.core.util')
020.028  000.556  000.556: require('lazy.core.config')
020.929  000.472  000.472: require('lazy.core.handler')
021.998  000.387  000.387: require('lazy.pkg')
022.013  000.576  000.189: require('lazy.core.meta')
022.025  001.086  000.510: require('lazy.core.plugin')
022.045  002.009  000.451: require('lazy.core.loader')
022.600  000.121  000.121: require('lazy.core.fragments')
032.517  000.234  000.234: require('lazy.core.handler.event')
032.532  000.972  000.737: require('lazy.core.handler.ft')
032.695  000.155  000.155: require('lazy.core.handler.keys')
032.809  000.107  000.107: require('lazy.core.handler.cmd')
033.296  000.023  000.023: sourcing nvim_exec2() called at /home/akihira17/.config/nvim/init.lua:0
033.350  000.003  000.003: sourcing nvim_exec2() called at /home/akihira17/.config/nvim/init.lua:0
033.459  000.005  000.005: sourcing nvim_exec2() called at /home/akihira17/.config/nvim/init.lua:0
033.485  000.002  000.002: sourcing nvim_exec2() called at /home/akihira17/.config/nvim/init.lua:0
036.419  000.282  000.282: sourcing nvim_exec2() called at /home/linuxbrew/.linuxbrew/Cellar/neovim/0.11.2/share/nvim/runtime/filetype.lua:0
036.440  000.724  000.442: sourcing /home/linuxbrew/.linuxbrew/Cellar/neovim/0.11.2/share/nvim/runtime/filetype.lua
036.447  000.830  000.106: sourcing nvim_exec2() called at /home/akihira17/.config/nvim/init.lua:0
049.304  000.029  000.029: sourcing nvim_exec2() called at ColorSchemePre Autocommands for "*":0
049.434  000.007  000.007: sourcing nvim_exec2() called at ColorSchemePre Autocommands for "*":0
050.677  001.228  001.228: require('catppuccin')
051.111  000.112  000.112: require('catppuccin.lib.hashing')
054.635  003.154  003.154: sourcing /home/akihira17/.local/share/nvim/lazy/nvim/colors/catppuccin-mocha.vim
055.077  000.015  000.015: sourcing nvim_exec2() called at /home/akihira17/.config/nvim/init.lua:0
055.097  000.002  000.002: sourcing nvim_exec2() called at /home/akihira17/.config/nvim/init.lua:0
056.706  001.599  001.599: require('mini.ai')
058.283  000.715  000.715: require('mini.surround')
060.737  000.570  000.570: require('nvim-treesitter.utils')
064.127  000.096  000.096: require('vim.treesitter.language')
064.192  000.055  000.055: require('vim.func')
064.327  000.127  000.127: require('vim.func._memoize')
064.404  001.664  001.386: require('vim.treesitter.query')
064.616  000.208  000.208: require('vim.treesitter._range')
064.648  002.368  000.496: require('vim.treesitter.languagetree')
064.658  002.892  000.524: require('vim.treesitter')
065.790  005.041  002.150: require('nvim-treesitter.parsers')
066.357  000.099  000.099: require('nvim-treesitter.compat')
066.532  000.093  000.093: require('nvim-treesitter.ts_utils')
066.542  000.178  000.085: require('nvim-treesitter.tsrange')
066.632  000.087  000.087: require('nvim-treesitter.caching')
066.649  000.514  000.150: require('nvim-treesitter.query')
066.671  000.666  000.153: require('nvim-treesitter.configs')
066.676  000.880  000.214: require('nvim-treesitter.info')
066.780  000.101  000.101: require('nvim-treesitter.shell_command_selectors')
066.822  007.080  000.487: require('nvim-treesitter.install')
066.884  000.058  000.058: require('nvim-treesitter.statusline')
066.972  000.085  000.085: require('nvim-treesitter.query_predicates')
066.977  007.978  000.754: require('nvim-treesitter')
067.091  000.102  000.102: require('vim.iter')
068.868  009.975  001.895: sourcing /home/akihira17/.local/share/nvim/lazy/nvim-treesitter/plugin/nvim-treesitter.lua
068.883  010.049  000.075: sourcing nvim_exec2() called at /home/akihira17/.config/nvim/init.lua:0
068.901  000.005  000.005: sourcing nvim_exec2() called at /home/akihira17/.config/nvim/init.lua:0
068.927  000.002  000.002: sourcing nvim_exec2() called at /home/akihira17/.config/nvim/init.lua:0
070.869  001.927  001.927: require('vim.filetype')
073.229  000.153  000.153: require('nvim-treesitter.indent')
073.445  000.116  000.116: require('nvim-treesitter.highlight')
074.186  000.065  000.065: require('Comment.config')
074.563  000.294  000.294: require('Comment.ft')
074.588  000.397  000.103: require('Comment.utils')
074.814  000.223  000.223: require('Comment.opfunc')
074.968  000.152  000.152: require('Comment.extra')
074.976  001.202  000.365: require('Comment.api')
075.054  001.349  000.147: sourcing /home/akihira17/.local/share/nvim/lazy/Comment.nvim/plugin/Comment.lua
075.062  001.402  000.053: sourcing nvim_exec2() called at /home/akihira17/.config/nvim/init.lua:0
075.080  000.007  000.007: sourcing nvim_exec2() called at /home/akihira17/.config/nvim/init.lua:0
075.096  000.001  000.001: sourcing nvim_exec2() called at /home/akihira17/.config/nvim/init.lua:0
075.236  000.086  000.086: require('Comment')
075.423  000.004  000.004: sourcing nvim_exec2() called at /home/akihira17/.config/nvim/init.lua:0
075.441  000.001  000.001: sourcing nvim_exec2() called at /home/akihira17/.config/nvim/init.lua:0
075.818  000.246  000.246: require('lspkind')
076.593  000.734  000.734: require('vim.lsp.protocol')
076.978  000.045  000.045: sourcing /home/akihira17/.local/share/nvim/lazy/nvim-web-devicons/plugin/nvim-web-devicons.vim
076.983  000.078  000.033: sourcing nvim_exec2() called at /home/akihira17/.config/nvim/init.lua:0
076.989  000.002  000.002: sourcing nvim_exec2() called at /home/akihira17/.config/nvim/init.lua:0
077.000  000.001  000.001: sourcing nvim_exec2() called at /home/akihira17/.config/nvim/init.lua:0
077.011  000.001  000.001: sourcing nvim_exec2() called at /home/akihira17/.config/nvim/init.lua:0
077.022  000.001  000.001: sourcing nvim_exec2() called at /home/akihira17/.config/nvim/init.lua:0
077.575  000.133  000.133: require('lualine_require')
077.917  000.890  000.757: require('lualine')
078.483  000.015  000.015: sourcing nvim_exec2() called at /home/akihira17/.config/nvim/init.lua:0
079.203  000.097  000.097: require('catppuccin.utils.lualine')
079.318  000.111  000.111: require('catppuccin.palettes')
079.420  000.099  000.099: require('catppuccin.palettes.mocha')
079.960  000.014  000.014: sourcing nvim_exec2() called at /home/akihira17/.config/nvim/init.lua:0
079.976  000.004  000.004: sourcing nvim_exec2() called at /home/akihira17/.config/nvim/init.lua:0
079.988  000.003  000.003: sourcing nvim_exec2() called at /home/akihira17/.config/nvim/init.lua:0
080.030  000.003  000.003: sourcing nvim_exec2() called at /home/akihira17/.config/nvim/init.lua:0
080.040  000.002  000.002: sourcing nvim_exec2() called at /home/akihira17/.config/nvim/init.lua:0
080.057  000.003  000.003: sourcing nvim_exec2() called at /home/akihira17/.config/nvim/init.lua:0
080.065  000.002  000.002: sourcing nvim_exec2() called at /home/akihira17/.config/nvim/init.lua:0
080.072  000.003  000.003: sourcing nvim_exec2() called at /home/akihira17/.config/nvim/init.lua:0
080.082  000.003  000.003: sourcing nvim_exec2() called at /home/akihira17/.config/nvim/init.lua:0
080.089  000.002  000.002: sourcing nvim_exec2() called at /home/akihira17/.config/nvim/init.lua:0
080.097  000.002  000.002: sourcing nvim_exec2() called at /home/akihira17/.config/nvim/init.lua:0
080.106  000.002  000.002: sourcing nvim_exec2() called at /home/akihira17/.config/nvim/init.lua:0
080.113  000.003  000.003: sourcing nvim_exec2() called at /home/akihira17/.config/nvim/init.lua:0
080.124  000.003  000.003: sourcing nvim_exec2() called at /home/akihira17/.config/nvim/init.lua:0
080.133  000.002  000.002: sourcing nvim_exec2() called at /home/akihira17/.config/nvim/init.lua:0
080.139  000.002  000.002: sourcing nvim_exec2() called at /home/akihira17/.config/nvim/init.lua:0
080.151  000.003  000.003: sourcing nvim_exec2() called at /home/akihira17/.config/nvim/init.lua:0
080.170  000.014  000.014: sourcing nvim_exec2() called at /home/akihira17/.config/nvim/init.lua:0
081.115  000.008  000.008: sourcing nvim_exec2() called at /home/akihira17/.config/nvim/init.lua:0
081.124  000.004  000.004: sourcing nvim_exec2() called at /home/akihira17/.config/nvim/init.lua:0
081.393  000.007  000.007: sourcing nvim_exec2() called at /home/akihira17/.config/nvim/init.lua:0
081.402  000.002  000.002: sourcing nvim_exec2() called at /home/akihira17/.config/nvim/init.lua:0
081.411  000.002  000.002: sourcing nvim_exec2() called at /home/akihira17/.config/nvim/init.lua:0
081.419  000.002  000.002: sourcing nvim_exec2() called at /home/akihira17/.config/nvim/init.lua:0
081.485  000.003  000.003: sourcing nvim_exec2() called at /home/akihira17/.config/nvim/init.lua:0
081.498  000.002  000.002: sourcing nvim_exec2() called at /home/akihira17/.config/nvim/init.lua:0
081.532  000.005  000.005: sourcing nvim_exec2() called at /home/akihira17/.config/nvim/init.lua:0
081.543  000.002  000.002: sourcing nvim_exec2() called at /home/akihira17/.config/nvim/init.lua:0
081.548  000.001  000.001: sourcing nvim_exec2() called at /home/akihira17/.config/nvim/init.lua:0
081.553  000.002  000.002: sourcing nvim_exec2() called at /home/akihira17/.config/nvim/init.lua:0
081.559  000.002  000.002: sourcing nvim_exec2() called at /home/akihira17/.config/nvim/init.lua:0
081.565  000.002  000.002: sourcing nvim_exec2() called at /home/akihira17/.config/nvim/init.lua:0
081.570  000.002  000.002: sourcing nvim_exec2() called at /home/akihira17/.config/nvim/init.lua:0
081.578  000.002  000.002: sourcing nvim_exec2() called at /home/akihira17/.config/nvim/init.lua:0
081.585  000.002  000.002: sourcing nvim_exec2() called at /home/akihira17/.config/nvim/init.lua:0
081.594  000.002  000.002: sourcing nvim_exec2() called at /home/akihira17/.config/nvim/init.lua:0
081.601  000.001  000.001: sourcing nvim_exec2() called at /home/akihira17/.config/nvim/init.lua:0
081.607  000.002  000.002: sourcing nvim_exec2() called at /home/akihira17/.config/nvim/init.lua:0
081.612  000.001  000.001: sourcing nvim_exec2() called at /home/akihira17/.config/nvim/init.lua:0
081.620  000.002  000.002: sourcing nvim_exec2() called at /home/akihira17/.config/nvim/init.lua:0
081.627  000.002  000.002: sourcing nvim_exec2() called at /home/akihira17/.config/nvim/init.lua:0
081.742  000.007  000.007: sourcing nvim_exec2() called at /home/akihira17/.config/nvim/init.lua:0
081.748  000.002  000.002: sourcing nvim_exec2() called at /home/akihira17/.config/nvim/init.lua:0
081.753  000.001  000.001: sourcing nvim_exec2() called at /home/akihira17/.config/nvim/init.lua:0
081.759  000.003  000.003: sourcing nvim_exec2() called at /home/akihira17/.config/nvim/init.lua:0
082.304  000.005  000.005: sourcing nvim_exec2() called at /home/akihira17/.config/nvim/init.lua:0
082.325  000.002  000.002: sourcing nvim_exec2() called at /home/akihira17/.config/nvim/init.lua:0
082.336  000.002  000.002: sourcing nvim_exec2() called at /home/akihira17/.config/nvim/init.lua:0
082.414  000.004  000.004: sourcing nvim_exec2() called at /home/akihira17/.config/nvim/init.lua:0
082.427  000.002  000.002: sourcing nvim_exec2() called at /home/akihira17/.config/nvim/init.lua:0
082.438  000.002  000.002: sourcing nvim_exec2() called at /home/akihira17/.config/nvim/init.lua:0
082.457  000.002  000.002: sourcing nvim_exec2() called at /home/akihira17/.config/nvim/init.lua:0
082.474  000.002  000.002: sourcing nvim_exec2() called at /home/akihira17/.config/nvim/init.lua:0
082.485  000.002  000.002: sourcing nvim_exec2() called at /home/akihira17/.config/nvim/init.lua:0
082.494  000.002  000.002: sourcing nvim_exec2() called at /home/akihira17/.config/nvim/init.lua:0
082.508  000.001  000.001: sourcing nvim_exec2() called at /home/akihira17/.config/nvim/init.lua:0
082.518  000.002  000.002: sourcing nvim_exec2() called at /home/akihira17/.config/nvim/init.lua:0
082.528  000.001  000.001: sourcing nvim_exec2() called at /home/akihira17/.config/nvim/init.lua:0
082.544  000.002  000.002: sourcing nvim_exec2() called at /home/akihira17/.config/nvim/init.lua:0
082.567  000.002  000.002: sourcing nvim_exec2() called at /home/akihira17/.config/nvim/init.lua:0
082.576  000.002  000.002: sourcing nvim_exec2() called at /home/akihira17/.config/nvim/init.lua:0
082.584  000.001  000.001: sourcing nvim_exec2() called at /home/akihira17/.config/nvim/init.lua:0
082.593  000.001  000.001: sourcing nvim_exec2() called at /home/akihira17/.config/nvim/init.lua:0
082.608  000.002  000.002: sourcing nvim_exec2() called at /home/akihira17/.config/nvim/init.lua:0
082.617  000.001  000.001: sourcing nvim_exec2() called at /home/akihira17/.config/nvim/init.lua:0
082.627  000.002  000.002: sourcing nvim_exec2() called at /home/akihira17/.config/nvim/init.lua:0
082.643  000.002  000.002: sourcing nvim_exec2() called at /home/akihira17/.config/nvim/init.lua:0
082.656  000.001  000.001: sourcing nvim_exec2() called at /home/akihira17/.config/nvim/init.lua:0
082.665  000.001  000.001: sourcing nvim_exec2() called at /home/akihira17/.config/nvim/init.lua:0
082.673  000.002  000.002: sourcing nvim_exec2() called at /home/akihira17/.config/nvim/init.lua:0
082.682  000.002  000.002: sourcing nvim_exec2() called at /home/akihira17/.config/nvim/init.lua:0
082.695  000.001  000.001: sourcing nvim_exec2() called at /home/akihira17/.config/nvim/init.lua:0
082.716  000.002  000.002: sourcing nvim_exec2() called at /home/akihira17/.config/nvim/init.lua:0
082.920  000.108  000.108: require('lualine.utils.mode')
083.607  000.013  000.013: sourcing nvim_exec2() called at /home/akihira17/.config/nvim/init.lua:0
083.654  000.004  000.004: sourcing nvim_exec2() called at /home/akihira17/.config/nvim/init.lua:0
083.668  000.011  000.011: sourcing nvim_exec2() called at /home/akihira17/.config/nvim/init.lua:0
083.674  000.004  000.004: sourcing nvim_exec2() called at /home/akihira17/.config/nvim/init.lua:0
083.687  000.003  000.003: sourcing nvim_exec2() called at /home/akihira17/.config/nvim/init.lua:0
084.027  000.003  000.003: sourcing nvim_exec2() called at /home/akihira17/.config/nvim/init.lua:0
084.040  000.001  000.001: sourcing nvim_exec2() called at /home/akihira17/.config/nvim/init.lua:0
084.208  000.002  000.002: sourcing nvim_exec2() called at /home/akihira17/.config/nvim/init.lua:0
084.228  000.001  000.001: sourcing nvim_exec2() called at /home/akihira17/.config/nvim/init.lua:0
084.440  000.003  000.003: sourcing nvim_exec2() called at /home/akihira17/.config/nvim/init.lua:0
084.451  000.001  000.001: sourcing nvim_exec2() called at /home/akihira17/.config/nvim/init.lua:0
085.044  000.041  000.041: require('mason-core.path')
085.172  000.021  000.021: require('mason-core.functional.data')
085.231  000.031  000.031: require('mason-core.functional.function')
085.266  000.032  000.032: require('mason-core.functional.list')
085.335  000.034  000.034: require('mason-core.functional.relation')
085.364  000.026  000.026: require('mason-core.functional.logic')
085.390  000.024  000.024: require('mason-core.functional.number')
085.481  000.087  000.087: require('mason-core.functional.string')
085.517  000.032  000.032: require('mason-core.functional.table')
085.545  000.025  000.025: require('mason-core.functional.type')
085.548  000.431  000.118: require('mason-core.functional')
085.576  000.530  000.099: require('mason-core.platform')
085.643  000.065  000.065: require('mason.settings')
085.647  000.707  000.071: require('mason-core.installer.InstallLocation')
085.766  000.061  000.061: require('mason-core.log')
085.769  000.085  000.024: require('mason-core.EventEmitter')
085.807  000.037  000.037: require('mason-registry.sources')
085.811  000.163  000.041: require('mason-registry')
085.813  001.073  000.202: require('mason')
085.998  000.063  000.063: require('mason.api.command')
086.045  000.004  000.004: sourcing nvim_exec2() called at /home/akihira17/.config/nvim/init.lua:0
086.052  000.001  000.001: sourcing nvim_exec2() called at /home/akihira17/.config/nvim/init.lua:0
086.220  000.002  000.002: sourcing nvim_exec2() called at /home/akihira17/.config/nvim/init.lua:0
086.227  000.001  000.001: sourcing nvim_exec2() called at /home/akihira17/.config/nvim/init.lua:0
086.344  000.001  000.001: sourcing nvim_exec2() called at /home/akihira17/.config/nvim/init.lua:0
086.350  000.001  000.001: sourcing nvim_exec2() called at /home/akihira17/.config/nvim/init.lua:0
086.480  000.062  000.062: sourcing /home/akihira17/.local/share/nvim/lazy/nvim-dap/plugin/dap.lua
086.484  000.086  000.023: sourcing nvim_exec2() called at /home/akihira17/.config/nvim/init.lua:0
086.489  000.001  000.001: sourcing nvim_exec2() called at /home/akihira17/.config/nvim/init.lua:0
086.498  000.001  000.001: sourcing nvim_exec2() called at /home/akihira17/.config/nvim/init.lua:0
086.736  000.037  000.037: require('dap.utils')
086.778  000.278  000.241: require('dap')
086.866  000.026  000.026: require('nio.tasks')
086.892  000.024  000.024: require('nio.control')
086.954  000.061  000.061: require('nio.uv')
086.977  000.021  000.021: require('nio.tests')
087.027  000.029  000.029: require('vim.ui')
087.030  000.052  000.023: require('nio.ui')
087.086  000.037  000.037: require('nio.streams')
087.087  000.057  000.020: require('nio.file')
087.148  000.017  000.017: require('nio.util')
087.174  000.063  000.046: require('nio.logger')
087.177  000.089  000.026: require('nio.lsp')
087.201  000.022  000.022: require('nio.process')
087.206  000.390  000.037: require('nio')
087.500  000.012  000.012: sourcing nvim_exec2() called at /home/akihira17/.config/nvim/init.lua:0
087.504  000.056  000.044: require('dapui.config.highlights')
087.535  000.029  000.029: sourcing nvim_exec2() called at /home/akihira17/.config/nvim/init.lua:0
087.564  000.272  000.187: require('dapui.config')
087.568  000.306  000.034: require('dapui.util')
087.610  000.040  000.040: require('dapui.windows.layout')
087.614  000.407  000.061: require('dapui.windows')
087.668  000.053  000.053: require('dapui.controls')
087.673  000.893  000.044: require('dapui')
088.134  000.450  000.450: require('mason-nvim-dap')
088.166  000.029  000.029: require('mason-nvim-dap.settings')
088.279  000.033  000.033: require('mason-core.optional')
088.315  000.034  000.034: require('mason-nvim-dap.mappings.source')
088.316  000.110  000.043: require('mason-nvim-dap.ensure_installed')
088.361  000.043  000.043: require('mason-core.async')
088.493  000.070  000.070: require('mason-core.async.control')
088.540  000.045  000.045: require('mason-core.result')
088.630  000.033  000.033: require('mason-core.async.uv')
088.635  000.093  000.060: require('mason-core.fs')
088.745  000.383  000.175: require('mason-registry.installer')
088.989  000.081  000.081: require('mason-core.process')
089.026  000.035  000.035: require('mason-core.spawn')
089.031  000.151  000.035: require('mason-core.installer.managers.powershell')
089.053  000.021  000.021: require('mason.version')
089.055  000.211  000.039: require('mason-core.fetch')
089.082  000.026  000.026: require('mason-core.providers')
089.268  000.079  000.079: require('mason-core.purl')
089.274  000.127  000.048: require('mason-core.package.AbstractPackage')
089.478  000.053  000.053: require('mason-core.installer.compiler.expr')
089.484  000.103  000.050: require('mason-core.installer.compiler.link')
089.684  000.028  000.028: require('mason-core.installer.context.InstallContextCwd')
089.728  000.043  000.043: require('mason-core.installer.context.InstallContextFs')
089.793  000.063  000.063: require('mason-core.installer.context.InstallContextSpawn')
089.843  000.047  000.047: require('mason-core.receipt')
089.871  000.265  000.083: require('mason-core.installer.context')
089.872  000.291  000.027: require('mason-core.installer')
089.889  000.357  000.066: require('mason-core.installer.managers.std')
089.891  000.405  000.048: require('mason-core.installer.compiler.schemas')
089.926  000.034  000.034: require('mason-core.installer.compiler.util')
089.936  000.617  000.075: require('mason-core.installer.compiler')
089.975  000.038  000.038: require('mason-core.installer.linker')
089.978  000.703  000.048: require('mason-core.installer.InstallRunner')
090.010  000.030  000.030: require('mason-core.installer.UninstallRunner')
090.016  000.906  000.046: require('mason-core.package')
090.018  000.934  000.028: require('mason-registry.sources.util')
090.026  001.235  000.064: require('mason-registry.sources.github')
093.965  000.043  000.043: require('mason-nvim-dap.automatic_installation')
094.003  000.026  000.026: require('mason-core.notify')
094.201  000.040  000.040: require('mason-nvim-dap.mappings.adapters')
094.239  000.035  000.035: require('mason-nvim-dap.mappings.filetypes')
237.314  143.074  143.074: require('mason-nvim-dap.mappings.configurations')
237.483  000.153  000.153: require('mason-nvim-dap.mappings.adapters.delve')
237.524  000.037  000.037: require('mason-nvim-dap.automatic_setup')
237.609  000.071  000.071: require('dap.ext.vscode')
237.795  000.090  000.090: require('mason-nvim-dap.api.command')
237.965  000.039  000.039: sourcing nvim_exec2() called at /home/akihira17/.config/nvim/init.lua:0
238.123  000.056  000.056: require('dapui.client.types')
238.126  000.129  000.073: require('dapui.client')
238.178  000.051  000.051: require('dap.breakpoints')
238.225  000.034  000.034: require('dapui.client.lib')
238.311  000.051  000.051: require('dapui.render.canvas')
238.312  000.081  000.030: require('dapui.elements.breakpoints')
238.366  000.036  000.036: require('dapui.components.breakpoints')
238.422  000.028  000.028: require('dapui.elements.repl')
238.451  000.026  000.026: require('dapui.elements.scopes')
238.492  000.031  000.031: require('dapui.components.scopes')
238.525  000.032  000.032: require('dapui.components.variables')
238.612  000.044  000.044: require('dapui.elements.stacks')
238.682  000.030  000.030: require('dapui.components.frames')
238.684  000.061  000.031: require('dapui.components.threads')
238.730  000.029  000.029: require('dapui.elements.watches')
238.791  000.038  000.038: require('dapui.components.watches')
238.845  000.028  000.028: require('dapui.elements.hover')
238.916  000.038  000.038: require('dapui.components.hover')
238.963  000.043  000.043: require('dapui.elements.console')
239.274  000.041  000.041: require('dap-go-ts')
239.285  000.129  000.088: require('dap-go')
239.375  000.005  000.005: sourcing nvim_exec2() called at /home/akihira17/.config/nvim/init.lua:0
239.381  000.001  000.001: sourcing nvim_exec2() called at /home/akihira17/.config/nvim/init.lua:0
239.842  000.033  000.033: require('git-conflict.colors')
239.921  000.076  000.076: require('git-conflict.utils')
240.045  000.064  000.064: require('vim.health')
240.047  000.122  000.058: require('vim.deprecated.health')
240.129  000.049  000.049: require('vim.hl')
240.182  000.679  000.400: require('git-conflict')
240.759  000.039  000.039: sourcing /home/akihira17/.local/share/nvim/lazy/conform.nvim/plugin/conform.lua
240.764  000.068  000.029: sourcing nvim_exec2() called at /home/akihira17/.config/nvim/init.lua:0
240.770  000.002  000.002: sourcing nvim_exec2() called at /home/akihira17/.config/nvim/init.lua:0
240.777  000.001  000.001: sourcing nvim_exec2() called at /home/akihira17/.config/nvim/init.lua:0
241.156  000.308  000.308: require('conform')
241.723  000.086  000.086: sourcing /home/akihira17/.local/share/nvim/lazy/vim-visual-multi/autoload/vm/plugs.vim
241.973  000.092  000.092: sourcing /home/akihira17/.local/share/nvim/lazy/vim-visual-multi/autoload/vm/maps.vim
242.086  000.065  000.065: sourcing /home/akihira17/.local/share/nvim/lazy/vim-visual-multi/autoload/vm/maps/all.vim
242.796  001.444  001.201: sourcing /home/akihira17/.local/share/nvim/lazy/vim-visual-multi/plugin/visual-multi.vim
242.799  001.465  000.021: sourcing nvim_exec2() called at /home/akihira17/.config/nvim/init.lua:0
242.819  000.001  000.001: sourcing nvim_exec2() called at /home/akihira17/.config/nvim/init.lua:0
242.832  000.001  000.001: sourcing nvim_exec2() called at /home/akihira17/.config/nvim/init.lua:0
242.928  000.002  000.002: sourcing nvim_exec2() called at /home/akihira17/.config/nvim/init.lua:0
242.934  000.001  000.001: sourcing nvim_exec2() called at /home/akihira17/.config/nvim/init.lua:0
243.506  000.074  000.074: require('ibl.utils')
243.512  000.128  000.054: require('ibl.config')
243.584  000.027  000.027: require('ibl.indent')
243.589  000.076  000.050: require('ibl.hooks')
243.591  000.247  000.043: require('ibl.highlights')
243.620  000.028  000.028: require('ibl.autocmds')
243.656  000.035  000.035: require('ibl.inlay_hints')
243.686  000.029  000.029: require('ibl.virt_text')
243.843  000.130  000.130: require('ibl.scope_languages')
243.845  000.158  000.027: require('ibl.scope')
243.850  000.911  000.414: require('ibl')
244.373  000.171  000.171: require('vim.lsp.log')
244.612  000.230  000.230: require('vim.lsp.util')
244.717  000.041  000.041: require('vim.lsp.sync')
244.724  000.108  000.067: require('vim.lsp._changetracking')
244.856  000.064  000.064: require('vim.lsp._transport')
244.924  000.198  000.135: require('vim.lsp.rpc')
244.997  000.960  000.252: require('vim.lsp')
245.215  000.111  000.111: require('vim.lsp.completion')
245.287  000.288  000.177: require('vim.lsp.handlers')
245.896  000.213  000.213: sourcing /home/akihira17/.local/share/nvim/lazy/vimux/plugin/vimux.vim
245.900  000.240  000.027: sourcing nvim_exec2() called at /home/akihira17/.config/nvim/init.lua:0
245.908  000.002  000.002: sourcing nvim_exec2() called at /home/akihira17/.config/nvim/init.lua:0
245.919  000.001  000.001: sourcing nvim_exec2() called at /home/akihira17/.config/nvim/init.lua:0
246.278  000.072  000.072: sourcing /home/akihira17/.local/share/nvim/lazy/vim-test/autoload/test.vim
246.922  000.968  000.896: sourcing /home/akihira17/.local/share/nvim/lazy/vim-test/plugin/test.vim
246.926  000.989  000.022: sourcing nvim_exec2() called at /home/akihira17/.config/nvim/init.lua:0
246.936  000.002  000.002: sourcing nvim_exec2() called at /home/akihira17/.config/nvim/init.lua:0
246.955  000.001  000.001: sourcing nvim_exec2() called at /home/akihira17/.config/nvim/init.lua:0
246.981  000.002  000.002: sourcing nvim_exec2() called at /home/akihira17/.config/nvim/init.lua:0
247.242  000.136  000.136: sourcing /home/akihira17/.local/share/nvim/lazy/undotree/plugin/undotree.vim
247.246  000.162  000.025: sourcing nvim_exec2() called at /home/akihira17/.config/nvim/init.lua:0
247.251  000.001  000.001: sourcing nvim_exec2() called at /home/akihira17/.config/nvim/init.lua:0
247.260  000.001  000.001: sourcing nvim_exec2() called at /home/akihira17/.config/nvim/init.lua:0
247.545  000.003  000.003: sourcing nvim_exec2() called at /home/akihira17/.config/nvim/init.lua:0
247.554  000.001  000.001: sourcing nvim_exec2() called at /home/akihira17/.config/nvim/init.lua:0
248.050  000.004  000.004: sourcing nvim_exec2() called at /home/akihira17/.config/nvim/init.lua:0
248.058  000.001  000.001: sourcing nvim_exec2() called at /home/akihira17/.config/nvim/init.lua:0
248.348  000.065  000.065: sourcing /home/akihira17/.local/share/nvim/lazy/mason-tool-installer.nvim/plugin/mason-tool-installer.lua
248.352  000.085  000.020: sourcing nvim_exec2() called at /home/akihira17/.config/nvim/init.lua:0
248.357  000.001  000.001: sourcing nvim_exec2() called at /home/akihira17/.config/nvim/init.lua:0
248.365  000.001  000.001: sourcing nvim_exec2() called at /home/akihira17/.config/nvim/init.lua:0
248.586  000.003  000.003: sourcing nvim_exec2() called at /home/akihira17/.config/nvim/init.lua:0
248.602  000.001  000.001: sourcing nvim_exec2() called at /home/akihira17/.config/nvim/init.lua:0
249.156  000.062  000.062: require('fidget.spinner.patterns')
249.159  000.095  000.033: require('fidget.spinner')
249.192  000.031  000.031: require('fidget.options')
249.197  000.169  000.043: require('fidget.progress.display')
249.321  000.076  000.076: require('fidget.logger')
249.325  000.127  000.051: require('fidget.progress.lsp')
249.481  000.041  000.041: require('fidget.poll')
249.484  000.084  000.044: require('fidget.notification.model')
249.553  000.069  000.069: require('fidget.notification.window')
249.601  000.046  000.046: require('fidget.notification.view')
249.609  000.252  000.053: require('fidget.notification')
249.611  000.285  000.033: require('fidget.progress.handle')
249.619  000.636  000.055: require('fidget.progress')
249.713  000.093  000.093: require('fidget.commands')
249.788  000.049  000.049: require('fidget.integration.nvim-tree')
249.818  000.029  000.029: require('fidget.integration.xcodebuild-nvim')
249.820  000.105  000.028: require('fidget.integration')
249.823  001.068  000.234: require('fidget')
251.268  000.279  000.279: require('lazydev')
251.324  000.052  000.052: require('lazydev.config')
251.408  000.042  000.042: require('lazydev.util')
252.115  000.005  000.005: sourcing nvim_exec2() called at /home/akihira17/.config/nvim/init.lua:0
252.123  000.001  000.001: sourcing nvim_exec2() called at /home/akihira17/.config/nvim/init.lua:0
252.562  000.028  000.028: require('luasnip.util.types')
252.586  000.023  000.023: require('luasnip.util.lazy_table')
252.618  000.030  000.030: require('luasnip.extras.filetype_functions')
252.629  000.155  000.074: require('luasnip.default_config')
252.631  000.194  000.038: require('luasnip.session')
252.656  000.025  000.025: require('luasnip.util.vimversion')
252.661  000.288  000.070: require('luasnip.util.util')
252.757  000.053  000.053: require('luasnip.util.path')
252.832  000.030  000.030: require('luasnip.session.snippet_collection.source')
252.857  000.024  000.024: require('luasnip.util.table')
252.886  000.028  000.028: require('luasnip.util.auto_table')
252.891  000.133  000.052: require('luasnip.session.snippet_collection')
252.948  000.056  000.056: require('luasnip.util.log')
252.953  000.291  000.049: require('luasnip.loaders.util')
253.028  000.073  000.073: require('luasnip.loaders.fs_watchers')
253.060  000.030  000.030: require('luasnip.loaders.data')
253.090  000.029  000.029: require('luasnip.session.enqueueable_operations')
253.515  000.091  000.091: require('luasnip.util.ext_opts')
253.563  000.044  000.044: require('luasnip.nodes.key_indexer')
253.617  000.051  000.051: require('luasnip.util.feedkeys')
253.625  000.301  000.115: require('luasnip.nodes.util')
253.660  000.033  000.033: require('luasnip.util.events')
253.675  000.448  000.114: require('luasnip.nodes.node')
253.860  000.050  000.050: require('luasnip.util.extend_decorator')
253.871  000.195  000.145: require('luasnip.nodes.insertNode')
253.930  000.058  000.058: require('luasnip.nodes.textNode')
254.001  000.070  000.070: require('luasnip.util.mark')
254.331  000.088  000.088: require('luasnip.util.select')
254.372  000.038  000.038: require('luasnip.util.time')
254.822  000.740  000.615: require('luasnip.util._builtin_vars')
254.864  000.861  000.121: require('luasnip.util.environ')
254.992  000.091  000.091: require('luasnip.util.pattern_tokenizer')
255.042  000.048  000.048: require('luasnip.util.dict')
255.393  000.024  000.024: require('jsregexp.core')
255.400  000.118  000.094: require('luasnip-jsregexp')
255.402  000.302  000.184: require('luasnip.util.jsregexp')
255.406  000.361  000.059: require('luasnip.nodes.util.trig_engines')
255.500  002.372  000.239: require('luasnip.nodes.snippet')
255.761  000.080  000.080: require('luasnip.util.parser.neovim_ast')
255.834  000.072  000.072: require('luasnip.util.str')
255.973  000.133  000.133: require('luasnip.util.directed_graph')
255.979  000.398  000.113: require('luasnip.util.parser.ast_utils')
256.073  000.092  000.092: require('luasnip.nodes.functionNode')
256.230  000.155  000.155: require('luasnip.nodes.choiceNode')
256.347  000.115  000.115: require('luasnip.nodes.dynamicNode')
256.399  000.050  000.050: require('luasnip.util.functions')
256.407  000.905  000.095: require('luasnip.util.parser.ast_parser')
256.624  000.216  000.216: require('luasnip.util.parser.neovim_parser')
256.632  003.540  000.047: require('luasnip.util.parser')
256.695  000.062  000.062: require('luasnip.nodes.snippetProxy')
256.870  000.170  000.170: require('luasnip.util.jsonc')
256.983  000.055  000.055: require('luasnip.nodes.duplicate')
256.987  000.114  000.059: require('luasnip.loaders.snippet_cache')
257.001  004.874  000.277: require('luasnip.loaders.from_vscode')
257.469  000.112  000.112: require('vim.version')
263.269  000.175  000.175: require('luasnip.nodes.multiSnippet')
264.681  000.064  000.064: require('luasnip.config')
264.956  000.127  000.127: require('luasnip.loaders')
264.989  000.296  000.169: require('luasnip')
265.076  000.611  000.251: sourcing /home/akihira17/.local/share/nvim/lazy/LuaSnip/plugin/luasnip.lua
265.082  000.648  000.036: sourcing nvim_exec2() called at /home/akihira17/.config/nvim/init.lua:0
265.140  000.024  000.024: sourcing /home/akihira17/.local/share/nvim/lazy/LuaSnip/plugin/luasnip.vim
265.142  000.047  000.022: sourcing nvim_exec2() called at /home/akihira17/.config/nvim/init.lua:0
265.147  000.002  000.002: sourcing nvim_exec2() called at /home/akihira17/.config/nvim/init.lua:0
265.159  000.001  000.001: sourcing nvim_exec2() called at /home/akihira17/.config/nvim/init.lua:0
265.235  000.001  000.001: sourcing nvim_exec2() called at /home/akihira17/.config/nvim/init.lua:0
265.245  000.001  000.001: sourcing nvim_exec2() called at /home/akihira17/.config/nvim/init.lua:0
265.576  000.002  000.002: sourcing nvim_exec2() called at /home/akihira17/.config/nvim/init.lua:0
265.585  000.001  000.001: sourcing nvim_exec2() called at /home/akihira17/.config/nvim/init.lua:0
265.800  000.001  000.001: sourcing nvim_exec2() called at /home/akihira17/.config/nvim/init.lua:0
265.809  000.001  000.001: sourcing nvim_exec2() called at /home/akihira17/.config/nvim/init.lua:0
265.978  000.070  000.070: require('cmp.utils.api')
266.073  000.044  000.044: require('cmp.types.cmp')
266.685  000.481  000.481: require('cmp.utils.misc')
266.763  000.689  000.208: require('cmp.types.lsp')
266.886  000.121  000.121: require('cmp.types.vim')
266.888  000.908  000.054: require('cmp.types')
267.007  000.118  000.118: require('cmp.utils.highlight')
267.280  000.138  000.138: require('cmp.utils.debug')
267.289  000.281  000.143: require('cmp.utils.autocmd')
267.934  000.012  000.012: sourcing nvim_exec2() called at /home/akihira17/.local/share/nvim/lazy/nvim-cmp/plugin/cmp.lua:0
267.939  002.095  000.707: sourcing /home/akihira17/.local/share/nvim/lazy/nvim-cmp/plugin/cmp.lua
267.944  002.114  000.019: sourcing nvim_exec2() called at /home/akihira17/.config/nvim/init.lua:0
267.963  000.002  000.002: sourcing nvim_exec2() called at /home/akihira17/.config/nvim/init.lua:0
268.007  000.001  000.001: sourcing nvim_exec2() called at /home/akihira17/.config/nvim/init.lua:0
269.770  000.431  000.431: require('cmp.utils.char')
269.798  000.935  000.504: require('cmp.utils.str')
270.784  000.501  000.501: require('cmp.utils.buffer')
270.837  000.850  000.350: require('cmp.utils.keymap')
270.840  001.039  000.189: require('cmp.utils.feedkeys')
272.470  000.676  000.676: require('cmp.config.mapping')
272.615  000.140  000.140: require('cmp.utils.cache')
273.067  000.314  000.314: require('cmp.config.compare')
273.069  000.452  000.138: require('cmp.config.default')
273.137  001.983  000.715: require('cmp.config')
273.172  002.331  000.348: require('cmp.utils.async')
273.481  000.072  000.072: require('cmp.utils.pattern')
273.485  000.312  000.239: require('cmp.context')
273.684  000.093  000.093: require('cmp.utils.snippet')
273.729  000.042  000.042: require('cmp.matcher')
273.735  000.198  000.063: require('cmp.entry')
273.741  000.254  000.057: require('cmp.source')
273.808  000.026  000.026: require('cmp.utils.event')
273.909  000.026  000.026: require('cmp.utils.options')
273.913  000.070  000.044: require('cmp.utils.window')
273.915  000.106  000.036: require('cmp.view.docs_view')
273.977  000.061  000.061: require('cmp.view.custom_entries_view')
274.024  000.045  000.045: require('cmp.view.wildmenu_entries_view')
274.063  000.039  000.039: require('cmp.view.native_entries_view')
274.121  000.056  000.056: require('cmp.view.ghost_text_view')
274.132  000.390  000.057: require('cmp.view')
274.763  006.454  001.192: require('cmp.core')
274.922  000.050  000.050: require('cmp.config.sources')
274.955  000.031  000.031: require('cmp.config.window')
274.999  006.987  000.453: require('cmp')
275.941  000.043  000.043: require('blade-nav')
276.109  000.070  000.070: require('blade-nav.utils')
276.115  000.171  000.102: require('blade-nav.gf')
276.635  000.057  000.057: require('blade-nav.cmp')
276.960  000.041  000.041: require('blade-nav.coq')
277.697  000.153  000.153: require('lspconfig.util')
278.674  001.185  001.032: sourcing /home/akihira17/.local/share/nvim/lazy/nvim-lspconfig/plugin/lspconfig.lua
278.683  001.223  000.038: sourcing nvim_exec2() called at /home/akihira17/.config/nvim/init.lua:0
278.700  000.004  000.004: sourcing nvim_exec2() called at /home/akihira17/.config/nvim/init.lua:0
278.721  000.001  000.001: sourcing nvim_exec2() called at /home/akihira17/.config/nvim/init.lua:0
278.992  000.035  000.035: require('cmp_nvim_lsp.source')
278.995  000.094  000.059: require('cmp_nvim_lsp')
279.394  000.067  000.067: require('mason-tool-installer')
279.487  000.031  000.031: require('mason-lspconfig.settings')
279.490  000.086  000.055: require('mason-lspconfig')
279.802  000.029  000.029: require('mason-lspconfig.mappings')
279.806  000.064  000.036: require('mason-lspconfig.features.automatic_enable')
286.164  000.027  000.027: require('mason-lspconfig.notify')
286.191  000.122  000.095: require('mason-lspconfig.api.command')
286.319  000.011  000.011: sourcing nvim_exec2() called at /home/akihira17/.config/nvim/init.lua:0
286.339  000.001  000.001: sourcing nvim_exec2() called at /home/akihira17/.config/nvim/init.lua:0
286.998  000.033  000.033: require('lib.log')
287.050  000.050  000.050: require('deps.msgpack')
287.183  000.131  000.131: require('deps.serpent')
287.231  000.046  000.046: require('presence.file_explorers')
287.347  000.114  000.114: require('presence.file_assets')
287.369  000.021  000.021: require('presence.plugin_managers')
287.432  000.030  000.030: require('deps.struct')
287.435  000.065  000.035: require('presence.discord')
287.444  000.776  000.317: require('presence')
288.079  000.021  000.021: sourcing /home/akihira17/.local/share/nvim/lazy/presence.nvim/autoload/presence.vim
289.784  003.145  002.348: sourcing /home/akihira17/.local/share/nvim/lazy/presence.nvim/plugin/presence.vim
289.799  003.182  000.036: sourcing nvim_exec2() called at /home/akihira17/.config/nvim/init.lua:0
289.887  000.006  000.006: sourcing nvim_exec2() called at /home/akihira17/.config/nvim/init.lua:0
289.916  000.001  000.001: sourcing nvim_exec2() called at /home/akihira17/.config/nvim/init.lua:0
292.771  000.513  000.513: require('gitsigns')
293.159  000.316  000.316: require('gitsigns.highlight')
293.259  000.073  000.073: require('gitsigns.debug.log')
293.421  000.129  000.129: require('gitsigns.config')
293.909  000.055  000.055: require('gitsigns.debounce')
293.924  001.802  000.717: sourcing /home/akihira17/.local/share/nvim/lazy/gitsigns.nvim/plugin/gitsigns.lua
293.930  001.858  000.056: sourcing nvim_exec2() called at /home/akihira17/.config/nvim/init.lua:0
293.953  000.005  000.005: sourcing nvim_exec2() called at /home/akihira17/.config/nvim/init.lua:0
293.964  000.001  000.001: sourcing nvim_exec2() called at /home/akihira17/.config/nvim/init.lua:0
294.292  000.049  000.049: sourcing /home/linuxbrew/.linuxbrew/Cellar/neovim/0.11.2/share/nvim/runtime/plugin/editorconfig.lua
294.295  000.078  000.029: sourcing nvim_exec2() called at /home/akihira17/.config/nvim/init.lua:0
294.459  000.143  000.143: sourcing /home/linuxbrew/.linuxbrew/Cellar/neovim/0.11.2/share/nvim/runtime/plugin/gzip.vim
294.461  000.162  000.019: sourcing nvim_exec2() called at /home/akihira17/.config/nvim/init.lua:0
294.538  000.050  000.050: sourcing /home/linuxbrew/.linuxbrew/Cellar/neovim/0.11.2/share/nvim/runtime/plugin/man.lua
294.541  000.070  000.019: sourcing nvim_exec2() called at /home/akihira17/.config/nvim/init.lua:0
295.225  000.225  000.225: sourcing /home/linuxbrew/.linuxbrew/Cellar/neovim/0.11.2/share/nvim/runtime/pack/dist/opt/matchit/plugin/matchit.vim
295.245  000.684  000.459: sourcing /home/linuxbrew/.linuxbrew/Cellar/neovim/0.11.2/share/nvim/runtime/plugin/matchit.vim
295.247  000.703  000.019: sourcing nvim_exec2() called at /home/akihira17/.config/nvim/init.lua:0
295.414  000.117  000.117: sourcing /home/linuxbrew/.linuxbrew/Cellar/neovim/0.11.2/share/nvim/runtime/plugin/matchparen.vim
295.417  000.152  000.035: sourcing nvim_exec2() called at /home/akihira17/.config/nvim/init.lua:0
296.203  000.420  000.420: sourcing /home/linuxbrew/.linuxbrew/Cellar/neovim/0.11.2/share/nvim/runtime/pack/dist/opt/netrw/plugin/netrwPlugin.vim
296.238  000.791  000.371: sourcing /home/linuxbrew/.linuxbrew/Cellar/neovim/0.11.2/share/nvim/runtime/plugin/netrwPlugin.vim
296.241  000.819  000.028: sourcing nvim_exec2() called at /home/akihira17/.config/nvim/init.lua:0
296.396  000.084  000.084: sourcing /home/linuxbrew/.linuxbrew/Cellar/neovim/0.11.2/share/nvim/runtime/plugin/osc52.lua
296.400  000.128  000.045: sourcing nvim_exec2() called at /home/akihira17/.config/nvim/init.lua:0
296.558  000.127  000.127: sourcing /home/linuxbrew/.linuxbrew/Cellar/neovim/0.11.2/share/nvim/runtime/plugin/rplugin.vim
296.561  000.154  000.027: sourcing nvim_exec2() called at /home/akihira17/.config/nvim/init.lua:0
296.654  000.049  000.049: sourcing /home/linuxbrew/.linuxbrew/Cellar/neovim/0.11.2/share/nvim/runtime/plugin/shada.vim
296.657  000.078  000.029: sourcing nvim_exec2() called at /home/akihira17/.config/nvim/init.lua:0
296.702  000.013  000.013: sourcing /home/linuxbrew/.linuxbrew/Cellar/neovim/0.11.2/share/nvim/runtime/plugin/spellfile.vim
296.706  000.044  000.031: sourcing nvim_exec2() called at /home/akihira17/.config/nvim/init.lua:0
296.811  000.074  000.074: sourcing /home/linuxbrew/.linuxbrew/Cellar/neovim/0.11.2/share/nvim/runtime/plugin/tarPlugin.vim
296.814  000.099  000.025: sourcing nvim_exec2() called at /home/akihira17/.config/nvim/init.lua:0
296.895  000.044  000.044: sourcing /home/linuxbrew/.linuxbrew/Cellar/neovim/0.11.2/share/nvim/runtime/plugin/tohtml.lua
296.898  000.074  000.030: sourcing nvim_exec2() called at /home/akihira17/.config/nvim/init.lua:0
296.948  000.016  000.016: sourcing /home/linuxbrew/.linuxbrew/Cellar/neovim/0.11.2/share/nvim/runtime/plugin/tutor.vim
296.950  000.044  000.029: sourcing nvim_exec2() called at /home/akihira17/.config/nvim/init.lua:0
297.100  000.120  000.120: sourcing /home/linuxbrew/.linuxbrew/Cellar/neovim/0.11.2/share/nvim/runtime/plugin/zipPlugin.vim
297.104  000.146  000.026: sourcing nvim_exec2() called at /home/akihira17/.config/nvim/init.lua:0
297.606  000.089  000.089: require('cmp_path')
297.660  000.187  000.098: sourcing /home/akihira17/.local/share/nvim/lazy/cmp-path/after/plugin/cmp_path.lua
297.663  000.224  000.037: sourcing nvim_exec2() called at /home/akihira17/.config/nvim/init.lua:0
297.808  000.045  000.045: sourcing /home/akihira17/.local/share/nvim/lazy/cmp-nvim-lsp/after/plugin/cmp_nvim_lsp.lua
297.811  000.080  000.035: sourcing nvim_exec2() called at /home/akihira17/.config/nvim/init.lua:0
297.955  000.066  000.066: require('cmp_luasnip')
297.993  000.138  000.072: sourcing /home/akihira17/.local/share/nvim/lazy/cmp_luasnip/after/plugin/cmp_luasnip.lua
297.996  000.163  000.025: sourcing nvim_exec2() called at /home/akihira17/.config/nvim/init.lua:0
298.101  000.051  000.051: sourcing /home/akihira17/.local/share/nvim/lazy/indent-blankline.nvim/after/plugin/commands.lua
298.104  000.080  000.028: sourcing nvim_exec2() called at /home/akihira17/.config/nvim/init.lua:0
298.783  289.022  070.141: sourcing /home/akihira17/.config/nvim/init.lua
298.795  001.163: sourcing vimrc file(s)
299.353  000.049  000.049: sourcing /home/linuxbrew/.linuxbrew/Cellar/neovim/0.11.2/share/nvim/runtime/filetype.lua
299.643  000.060  000.060: sourcing /home/linuxbrew/.linuxbrew/Cellar/neovim/0.11.2/share/nvim/runtime/syntax/synload.vim
299.727  000.285  000.225: sourcing /home/linuxbrew/.linuxbrew/Cellar/neovim/0.11.2/share/nvim/runtime/syntax/syntax.vim
299.751  000.622: inits 3
302.067  002.316: reading ShaDa
303.801  000.196  000.196: require('luasnip.loaders.from_lua')
303.948  000.139  000.139: require('luasnip.loaders.from_snipmate')
304.031  001.629: opening buffers
304.267  000.236: BufEnter autocommands
304.271  000.003: editing files in windows
304.874  000.066  000.066: sourcing /home/akihira17/.local/share/nvim/lazy/plenary.nvim/plugin/plenary.vim
304.879  000.102  000.036: sourcing nvim_exec2() called at VimEnter Autocommands for "*":0
304.889  000.003  000.003: sourcing nvim_exec2() called at VimEnter Autocommands for "*":0
304.901  000.001  000.001: sourcing nvim_exec2() called at VimEnter Autocommands for "*":0
305.233  000.002  000.002: sourcing nvim_exec2() called at VimEnter Autocommands for "*":0
305.241  000.001  000.001: sourcing nvim_exec2() called at VimEnter Autocommands for "*":0
305.529  000.002  000.002: sourcing nvim_exec2() called at VimEnter Autocommands for "*":0
305.536  000.001  000.001: sourcing nvim_exec2() called at VimEnter Autocommands for "*":0
305.811  000.222  000.222: sourcing /home/akihira17/.local/share/nvim/lazy/telescope.nvim/plugin/telescope.lua
305.817  000.253  000.031: sourcing nvim_exec2() called at VimEnter Autocommands for "*":0
305.825  000.002  000.002: sourcing nvim_exec2() called at VimEnter Autocommands for "*":0
305.846  000.001  000.001: sourcing nvim_exec2() called at VimEnter Autocommands for "*":0
306.400  000.058  000.058: require('telescope._extensions')
306.404  000.532  000.475: require('telescope')
306.458  000.050  000.050: require('telescope.themes')
306.766  000.056  000.056: require('plenary.bit')
306.806  000.038  000.038: require('plenary.functional')
306.844  000.221  000.128: require('plenary.path')
306.951  000.373  000.152: require('plenary.strings')
307.131  000.177  000.177: require('telescope.deprecated')
307.503  000.223  000.223: require('plenary.log')
307.525  000.292  000.068: require('telescope.log')
307.754  000.039  000.039: require('plenary.compat')
307.763  000.124  000.085: require('plenary.job')
307.813  000.048  000.048: require('telescope.state')
307.827  000.301  000.129: require('telescope.utils')
307.834  000.698  000.105: require('telescope.sorters')
310.809  004.343  003.095: require('telescope.config')
312.427  000.229  000.229: require('fzf_lib')
312.437  000.455  000.227: require('telescope._extensions.fzf')
312.645  000.152  000.152: require('telescope._extensions.ui-select')
313.391  000.056  000.056: require('plenary.tbl')
313.398  000.112  000.056: require('plenary.vararg.rotate')
313.400  000.180  000.068: require('plenary.vararg')
313.447  000.045  000.045: require('plenary.errors')
313.452  000.333  000.108: require('plenary.async.async')
313.714  000.050  000.050: require('plenary.async.structs')
313.725  000.123  000.073: require('plenary.async.control')
313.814  000.280  000.158: require('plenary.async.util')
313.821  000.367  000.087: require('plenary.async.tests')
313.824  000.813  000.112: require('plenary.async')
314.048  000.116  000.116: require('plenary.window.border')
314.134  000.082  000.082: require('plenary.window')
314.178  000.042  000.042: require('plenary.popup.utils')
314.183  000.355  000.116: require('plenary.popup')
315.651  001.126  001.126: require('telescope.pickers.scroller')
315.775  000.118  000.118: require('telescope.actions.state')
315.961  000.183  000.183: require('telescope.actions.utils')
316.365  000.132  000.132: require('telescope.actions.mt')
316.397  000.425  000.293: require('telescope.actions.set')
316.750  000.205  000.205: require('telescope.config.resolve')
316.788  000.389  000.185: require('telescope.pickers.entry_display')
316.955  000.162  000.162: require('telescope.from_entry')
317.921  003.736  001.333: require('telescope.actions')
318.488  000.559  000.559: require('telescope.debounce')
318.970  000.476  000.476: require('telescope.mappings')
319.226  000.249  000.249: require('telescope.pickers.highlights')
319.364  000.133  000.133: require('telescope.pickers.window')
319.736  000.237  000.237: require('telescope.algos.linked_list')
319.761  000.394  000.157: require('telescope.entry_manager')
320.022  000.257  000.257: require('telescope.pickers.multi')
320.077  007.425  000.452: require('telescope.pickers')
320.896  000.612  000.612: require('telescope.make_entry')
321.185  000.282  000.282: require('telescope.finders.async_static_finder')
321.688  000.167  000.167: require('plenary.class')
321.740  000.434  000.268: require('telescope._')
321.744  000.555  000.121: require('telescope.finders.async_oneshot_finder')
321.867  000.121  000.121: require('telescope.finders.async_job_finder')
321.881  001.802  000.232: require('telescope.finders')
322.484  000.141  000.141: require('csharpls_extended.utils')
322.496  000.303  000.161: require('csharpls_extended')
322.561  000.648  000.346: require('telescope._extensions.csharpls_definition')
322.980  000.408  000.408: require('telescope.builtin')
323.605  000.106  000.106: sourcing /home/akihira17/.local/share/nvim/lazy/which-key.nvim/plugin/which-key.lua
323.616  000.187  000.081: sourcing nvim_exec2() called at VimEnter Autocommands for "*":0
323.633  000.006  000.006: sourcing nvim_exec2() called at VimEnter Autocommands for "*":0
323.654  000.002  000.002: sourcing nvim_exec2() called at VimEnter Autocommands for "*":0
324.541  000.866  000.866: require('which-key')
324.948  000.400  000.400: require('which-key.config')
325.507  000.040  000.040: sourcing /home/akihira17/.local/share/nvim/lazy/todo-comments.nvim/plugin/todo.vim
325.514  000.102  000.063: sourcing nvim_exec2() called at VimEnter Autocommands for "*":0
325.526  000.003  000.003: sourcing nvim_exec2() called at VimEnter Autocommands for "*":0
325.548  000.002  000.002: sourcing nvim_exec2() called at VimEnter Autocommands for "*":0
326.614  000.102  000.102: require('todo-comments.util')
326.634  000.311  000.209: require('todo-comments.config')
326.986  000.263  000.263: require('todo-comments.highlight')
326.997  000.360  000.097: require('todo-comments.jump')
327.000  001.353  000.682: require('todo-comments')
327.232  000.017  000.017: sourcing nvim_exec2() called at VimEnter Autocommands for "*":0
327.246  000.003  000.003: sourcing nvim_exec2() called at VimEnter Autocommands for "*":0
327.251  000.003  000.003: sourcing nvim_exec2() called at VimEnter Autocommands for "*":0
327.271  000.003  000.003: sourcing nvim_exec2() called at VimEnter Autocommands for "*":0
327.279  000.005  000.005: sourcing nvim_exec2() called at VimEnter Autocommands for "*":0
327.304  000.005  000.005: sourcing nvim_exec2() called at VimEnter Autocommands for "*":0
327.429  000.008  000.008: sourcing nvim_exec2() called at VimEnter Autocommands for "*":0
327.436  000.002  000.002: sourcing nvim_exec2() called at VimEnter Autocommands for "*":0
327.441  000.003  000.003: sourcing nvim_exec2() called at VimEnter Autocommands for "*":0
327.458  000.003  000.003: sourcing nvim_exec2() called at VimEnter Autocommands for "*":0
327.463  000.002  000.002: sourcing nvim_exec2() called at VimEnter Autocommands for "*":0
327.467  000.002  000.002: sourcing nvim_exec2() called at VimEnter Autocommands for "*":0
327.569  000.006  000.006: sourcing nvim_exec2() called at VimEnter Autocommands for "*":0
327.581  000.002  000.002: sourcing nvim_exec2() called at VimEnter Autocommands for "*":0
327.585  000.002  000.002: sourcing nvim_exec2() called at VimEnter Autocommands for "*":0
327.605  000.003  000.003: sourcing nvim_exec2() called at VimEnter Autocommands for "*":0
327.610  000.002  000.002: sourcing nvim_exec2() called at VimEnter Autocommands for "*":0
327.614  000.002  000.002: sourcing nvim_exec2() called at VimEnter Autocommands for "*":0
327.626  000.002  000.002: sourcing nvim_exec2() called at VimEnter Autocommands for "*":0
327.631  000.002  000.002: sourcing nvim_exec2() called at VimEnter Autocommands for "*":0
327.636  000.002  000.002: sourcing nvim_exec2() called at VimEnter Autocommands for "*":0
327.709  000.033  000.033: sourcing nvim_exec2() called at VimEnter Autocommands for "*":0
328.065  000.324  000.324: require('vim.treesitter.highlighter')
331.101  007.285: VimEnter autocommands
331.784  000.208  000.208: require('vim.termcap')
332.033  000.059  000.059: require('vim.text')
332.130  000.761: UIEnter autocommands
729.123  396.620  396.620: sourcing /home/linuxbrew/.linuxbrew/Cellar/neovim/0.11.2/share/nvim/runtime/autoload/provider/clipboard.vim
729.146  000.396: before starting main loop
729.581  000.434: first screen update
729.584  000.004: --- NVIM STARTED ---

